                                      1 ;--------------------------------------------------------
                                      2 ; File Created by SDCC : free open source ANSI-C Compiler
                                      3 ; Version 4.0.0 #11528 (MINGW64)
                                      4 ;--------------------------------------------------------
                                      5 	.module soft_uart
                                      6 	.optsdcc -mmcs51 --model-large
                                      7 	
                                      8 ;--------------------------------------------------------
                                      9 ; Public variables in this module
                                     10 ;--------------------------------------------------------
                                     11 	.globl _BitTime
                                     12 	.globl _CY
                                     13 	.globl _AC
                                     14 	.globl _F0
                                     15 	.globl _RS1
                                     16 	.globl _RS0
                                     17 	.globl _OV
                                     18 	.globl _F1
                                     19 	.globl _P
                                     20 	.globl _PS
                                     21 	.globl _PT1
                                     22 	.globl _PX1
                                     23 	.globl _PT0
                                     24 	.globl _PX0
                                     25 	.globl _RD
                                     26 	.globl _WR
                                     27 	.globl _T1
                                     28 	.globl _T0
                                     29 	.globl _INT1
                                     30 	.globl _INT0
                                     31 	.globl _TXD
                                     32 	.globl _RXD
                                     33 	.globl _P3_7
                                     34 	.globl _P3_6
                                     35 	.globl _P3_5
                                     36 	.globl _P3_4
                                     37 	.globl _P3_3
                                     38 	.globl _P3_2
                                     39 	.globl _P3_1
                                     40 	.globl _P3_0
                                     41 	.globl _EA
                                     42 	.globl _ES
                                     43 	.globl _ET1
                                     44 	.globl _EX1
                                     45 	.globl _ET0
                                     46 	.globl _EX0
                                     47 	.globl _P2_7
                                     48 	.globl _P2_6
                                     49 	.globl _P2_5
                                     50 	.globl _P2_4
                                     51 	.globl _P2_3
                                     52 	.globl _P2_2
                                     53 	.globl _P2_1
                                     54 	.globl _P2_0
                                     55 	.globl _SM0
                                     56 	.globl _SM1
                                     57 	.globl _SM2
                                     58 	.globl _REN
                                     59 	.globl _TB8
                                     60 	.globl _RB8
                                     61 	.globl _TI
                                     62 	.globl _RI
                                     63 	.globl _P1_7
                                     64 	.globl _P1_6
                                     65 	.globl _P1_5
                                     66 	.globl _P1_4
                                     67 	.globl _P1_3
                                     68 	.globl _P1_2
                                     69 	.globl _P1_1
                                     70 	.globl _P1_0
                                     71 	.globl _TF1
                                     72 	.globl _TR1
                                     73 	.globl _TF0
                                     74 	.globl _TR0
                                     75 	.globl _IE1
                                     76 	.globl _IT1
                                     77 	.globl _IE0
                                     78 	.globl _IT0
                                     79 	.globl _P0_7
                                     80 	.globl _P0_6
                                     81 	.globl _P0_5
                                     82 	.globl _P0_4
                                     83 	.globl _P0_3
                                     84 	.globl _P0_2
                                     85 	.globl _P0_1
                                     86 	.globl _P0_0
                                     87 	.globl _B
                                     88 	.globl _ACC
                                     89 	.globl _PSW
                                     90 	.globl _IP
                                     91 	.globl _P3
                                     92 	.globl _IE
                                     93 	.globl _P2
                                     94 	.globl _SBUF
                                     95 	.globl _SCON
                                     96 	.globl _P1
                                     97 	.globl _TH1
                                     98 	.globl _TH0
                                     99 	.globl _TL1
                                    100 	.globl _TL0
                                    101 	.globl _TMOD
                                    102 	.globl _TCON
                                    103 	.globl _PCON
                                    104 	.globl _DPH
                                    105 	.globl _DPL
                                    106 	.globl _SP
                                    107 	.globl _P0
                                    108 	.globl _TxSend
                                    109 ;--------------------------------------------------------
                                    110 ; special function registers
                                    111 ;--------------------------------------------------------
                                    112 	.area RSEG    (ABS,DATA)
      000000                        113 	.org 0x0000
                           000080   114 _P0	=	0x0080
                           000081   115 _SP	=	0x0081
                           000082   116 _DPL	=	0x0082
                           000083   117 _DPH	=	0x0083
                           000087   118 _PCON	=	0x0087
                           000088   119 _TCON	=	0x0088
                           000089   120 _TMOD	=	0x0089
                           00008A   121 _TL0	=	0x008a
                           00008B   122 _TL1	=	0x008b
                           00008C   123 _TH0	=	0x008c
                           00008D   124 _TH1	=	0x008d
                           000090   125 _P1	=	0x0090
                           000098   126 _SCON	=	0x0098
                           000099   127 _SBUF	=	0x0099
                           0000A0   128 _P2	=	0x00a0
                           0000A8   129 _IE	=	0x00a8
                           0000B0   130 _P3	=	0x00b0
                           0000B8   131 _IP	=	0x00b8
                           0000D0   132 _PSW	=	0x00d0
                           0000E0   133 _ACC	=	0x00e0
                           0000F0   134 _B	=	0x00f0
                                    135 ;--------------------------------------------------------
                                    136 ; special function bits
                                    137 ;--------------------------------------------------------
                                    138 	.area RSEG    (ABS,DATA)
      000000                        139 	.org 0x0000
                           000080   140 _P0_0	=	0x0080
                           000081   141 _P0_1	=	0x0081
                           000082   142 _P0_2	=	0x0082
                           000083   143 _P0_3	=	0x0083
                           000084   144 _P0_4	=	0x0084
                           000085   145 _P0_5	=	0x0085
                           000086   146 _P0_6	=	0x0086
                           000087   147 _P0_7	=	0x0087
                           000088   148 _IT0	=	0x0088
                           000089   149 _IE0	=	0x0089
                           00008A   150 _IT1	=	0x008a
                           00008B   151 _IE1	=	0x008b
                           00008C   152 _TR0	=	0x008c
                           00008D   153 _TF0	=	0x008d
                           00008E   154 _TR1	=	0x008e
                           00008F   155 _TF1	=	0x008f
                           000090   156 _P1_0	=	0x0090
                           000091   157 _P1_1	=	0x0091
                           000092   158 _P1_2	=	0x0092
                           000093   159 _P1_3	=	0x0093
                           000094   160 _P1_4	=	0x0094
                           000095   161 _P1_5	=	0x0095
                           000096   162 _P1_6	=	0x0096
                           000097   163 _P1_7	=	0x0097
                           000098   164 _RI	=	0x0098
                           000099   165 _TI	=	0x0099
                           00009A   166 _RB8	=	0x009a
                           00009B   167 _TB8	=	0x009b
                           00009C   168 _REN	=	0x009c
                           00009D   169 _SM2	=	0x009d
                           00009E   170 _SM1	=	0x009e
                           00009F   171 _SM0	=	0x009f
                           0000A0   172 _P2_0	=	0x00a0
                           0000A1   173 _P2_1	=	0x00a1
                           0000A2   174 _P2_2	=	0x00a2
                           0000A3   175 _P2_3	=	0x00a3
                           0000A4   176 _P2_4	=	0x00a4
                           0000A5   177 _P2_5	=	0x00a5
                           0000A6   178 _P2_6	=	0x00a6
                           0000A7   179 _P2_7	=	0x00a7
                           0000A8   180 _EX0	=	0x00a8
                           0000A9   181 _ET0	=	0x00a9
                           0000AA   182 _EX1	=	0x00aa
                           0000AB   183 _ET1	=	0x00ab
                           0000AC   184 _ES	=	0x00ac
                           0000AF   185 _EA	=	0x00af
                           0000B0   186 _P3_0	=	0x00b0
                           0000B1   187 _P3_1	=	0x00b1
                           0000B2   188 _P3_2	=	0x00b2
                           0000B3   189 _P3_3	=	0x00b3
                           0000B4   190 _P3_4	=	0x00b4
                           0000B5   191 _P3_5	=	0x00b5
                           0000B6   192 _P3_6	=	0x00b6
                           0000B7   193 _P3_7	=	0x00b7
                           0000B0   194 _RXD	=	0x00b0
                           0000B1   195 _TXD	=	0x00b1
                           0000B2   196 _INT0	=	0x00b2
                           0000B3   197 _INT1	=	0x00b3
                           0000B4   198 _T0	=	0x00b4
                           0000B5   199 _T1	=	0x00b5
                           0000B6   200 _WR	=	0x00b6
                           0000B7   201 _RD	=	0x00b7
                           0000B8   202 _PX0	=	0x00b8
                           0000B9   203 _PT0	=	0x00b9
                           0000BA   204 _PX1	=	0x00ba
                           0000BB   205 _PT1	=	0x00bb
                           0000BC   206 _PS	=	0x00bc
                           0000D0   207 _P	=	0x00d0
                           0000D1   208 _F1	=	0x00d1
                           0000D2   209 _OV	=	0x00d2
                           0000D3   210 _RS0	=	0x00d3
                           0000D4   211 _RS1	=	0x00d4
                           0000D5   212 _F0	=	0x00d5
                           0000D6   213 _AC	=	0x00d6
                           0000D7   214 _CY	=	0x00d7
                                    215 ;--------------------------------------------------------
                                    216 ; overlayable register banks
                                    217 ;--------------------------------------------------------
                                    218 	.area REG_BANK_0	(REL,OVR,DATA)
      000000                        219 	.ds 8
                                    220 ;--------------------------------------------------------
                                    221 ; internal ram data
                                    222 ;--------------------------------------------------------
                                    223 	.area DSEG    (DATA)
                                    224 ;--------------------------------------------------------
                                    225 ; overlayable items in internal ram 
                                    226 ;--------------------------------------------------------
                                    227 ;--------------------------------------------------------
                                    228 ; indirectly addressable internal ram data
                                    229 ;--------------------------------------------------------
                                    230 	.area ISEG    (DATA)
                                    231 ;--------------------------------------------------------
                                    232 ; absolute internal ram data
                                    233 ;--------------------------------------------------------
                                    234 	.area IABS    (ABS,DATA)
                                    235 	.area IABS    (ABS,DATA)
                                    236 ;--------------------------------------------------------
                                    237 ; bit data
                                    238 ;--------------------------------------------------------
                                    239 	.area BSEG    (BIT)
                                    240 ;--------------------------------------------------------
                                    241 ; paged external ram data
                                    242 ;--------------------------------------------------------
                                    243 	.area PSEG    (PAG,XDATA)
                                    244 ;--------------------------------------------------------
                                    245 ; external ram data
                                    246 ;--------------------------------------------------------
                                    247 	.area XSEG    (XDATA)
      000000                        248 _TxSend_dat_65536_4:
      000000                        249 	.ds 1
                                    250 ;--------------------------------------------------------
                                    251 ; absolute external ram data
                                    252 ;--------------------------------------------------------
                                    253 	.area XABS    (ABS,XDATA)
                                    254 ;--------------------------------------------------------
                                    255 ; external initialized ram data
                                    256 ;--------------------------------------------------------
                                    257 	.area XISEG   (XDATA)
                                    258 	.area HOME    (CODE)
                                    259 	.area GSINIT0 (CODE)
                                    260 	.area GSINIT1 (CODE)
                                    261 	.area GSINIT2 (CODE)
                                    262 	.area GSINIT3 (CODE)
                                    263 	.area GSINIT4 (CODE)
                                    264 	.area GSINIT5 (CODE)
                                    265 	.area GSINIT  (CODE)
                                    266 	.area GSFINAL (CODE)
                                    267 	.area CSEG    (CODE)
                                    268 ;--------------------------------------------------------
                                    269 ; global & static initialisations
                                    270 ;--------------------------------------------------------
                                    271 	.area HOME    (CODE)
                                    272 	.area GSINIT  (CODE)
                                    273 	.area GSFINAL (CODE)
                                    274 	.area GSINIT  (CODE)
                                    275 ;--------------------------------------------------------
                                    276 ; Home
                                    277 ;--------------------------------------------------------
                                    278 	.area HOME    (CODE)
                                    279 	.area HOME    (CODE)
                                    280 ;--------------------------------------------------------
                                    281 ; code
                                    282 ;--------------------------------------------------------
                                    283 	.area CSEG    (CODE)
                                    284 ;------------------------------------------------------------
                                    285 ;Allocation info for local variables in function 'BitTime'
                                    286 ;------------------------------------------------------------
                                    287 ;i                         Allocated with name '_BitTime_i_65536_3'
                                    288 ;------------------------------------------------------------
                                    289 ;	.\lib\soft_uart.c:3: void BitTime(void)
                                    290 ;	-----------------------------------------
                                    291 ;	 function BitTime
                                    292 ;	-----------------------------------------
      000000                        293 _BitTime:
                           000007   294 	ar7 = 0x07
                           000006   295 	ar6 = 0x06
                           000005   296 	ar5 = 0x05
                           000004   297 	ar4 = 0x04
                           000003   298 	ar3 = 0x03
                           000002   299 	ar2 = 0x02
                           000001   300 	ar1 = 0x01
                           000000   301 	ar0 = 0x00
                                    302 ;	.\lib\soft_uart.c:7: while (--i)
      000000 7E 89            [12]  303 	mov	r6,#0x89
      000002 7F 00            [12]  304 	mov	r7,#0x00
      000004                        305 00101$:
      000004 1E               [12]  306 	dec	r6
      000005 BE FF 01         [24]  307 	cjne	r6,#0xff,00111$
      000008 1F               [12]  308 	dec	r7
      000009                        309 00111$:
      000009 EE               [12]  310 	mov	a,r6
      00000A 4F               [12]  311 	orl	a,r7
      00000B 70 F7            [24]  312 	jnz	00101$
                                    313 ;	.\lib\soft_uart.c:9: }
      00000D 22               [24]  314 	ret
                                    315 ;------------------------------------------------------------
                                    316 ;Allocation info for local variables in function 'TxSend'
                                    317 ;------------------------------------------------------------
                                    318 ;dat                       Allocated with name '_TxSend_dat_65536_4'
                                    319 ;i                         Allocated with name '_TxSend_i_65536_5'
                                    320 ;------------------------------------------------------------
                                    321 ;	.\lib\soft_uart.c:11: void TxSend(uint8_t dat)
                                    322 ;	-----------------------------------------
                                    323 ;	 function TxSend
                                    324 ;	-----------------------------------------
      00000E                        325 _TxSend:
      00000E E5 82            [12]  326 	mov	a,dpl
      000010 90r00r00         [24]  327 	mov	dptr,#_TxSend_dat_65536_4
      000013 F0               [24]  328 	movx	@dptr,a
                                    329 ;	.\lib\soft_uart.c:14: EA = 0;
                                    330 ;	assignBit
      000014 C2 AF            [12]  331 	clr	_EA
                                    332 ;	.\lib\soft_uart.c:15: P_TXD = 0;
                                    333 ;	assignBit
      000016 C2 90            [12]  334 	clr	_P1_0
                                    335 ;	.\lib\soft_uart.c:16: BitTime();
      000018 12r00r00         [24]  336 	lcall	_BitTime
                                    337 ;	.\lib\soft_uart.c:17: for (i = 0; i < 8; i++)
      00001B 7F 00            [12]  338 	mov	r7,#0x00
      00001D                        339 00105$:
                                    340 ;	.\lib\soft_uart.c:19: if (dat & 1)
      00001D 90r00r00         [24]  341 	mov	dptr,#_TxSend_dat_65536_4
      000020 E0               [24]  342 	movx	a,@dptr
      000021 30 E0 04         [24]  343 	jnb	acc.0,00102$
                                    344 ;	.\lib\soft_uart.c:20: P_TXD = 1;
                                    345 ;	assignBit
      000024 D2 90            [12]  346 	setb	_P1_0
      000026 80 02            [24]  347 	sjmp	00103$
      000028                        348 00102$:
                                    349 ;	.\lib\soft_uart.c:22: P_TXD = 0;
                                    350 ;	assignBit
      000028 C2 90            [12]  351 	clr	_P1_0
      00002A                        352 00103$:
                                    353 ;	.\lib\soft_uart.c:23: dat >>= 1;
      00002A 90r00r00         [24]  354 	mov	dptr,#_TxSend_dat_65536_4
      00002D E0               [24]  355 	movx	a,@dptr
      00002E C3               [12]  356 	clr	c
      00002F 13               [12]  357 	rrc	a
      000030 F0               [24]  358 	movx	@dptr,a
                                    359 ;	.\lib\soft_uart.c:24: BitTime();
      000031 C0 07            [24]  360 	push	ar7
      000033 12r00r00         [24]  361 	lcall	_BitTime
      000036 D0 07            [24]  362 	pop	ar7
                                    363 ;	.\lib\soft_uart.c:17: for (i = 0; i < 8; i++)
      000038 0F               [12]  364 	inc	r7
      000039 BF 08 00         [24]  365 	cjne	r7,#0x08,00123$
      00003C                        366 00123$:
      00003C 40 DF            [24]  367 	jc	00105$
                                    368 ;	.\lib\soft_uart.c:26: P_TXD = 1;
                                    369 ;	assignBit
      00003E D2 90            [12]  370 	setb	_P1_0
                                    371 ;	.\lib\soft_uart.c:27: EA = 1;
                                    372 ;	assignBit
      000040 D2 AF            [12]  373 	setb	_EA
                                    374 ;	.\lib\soft_uart.c:28: BitTime();
      000042 12r00r00         [24]  375 	lcall	_BitTime
                                    376 ;	.\lib\soft_uart.c:29: BitTime();
                                    377 ;	.\lib\soft_uart.c:30: }
      000045 02r00r00         [24]  378 	ljmp	_BitTime
                                    379 	.area CSEG    (CODE)
                                    380 	.area CONST   (CODE)
                                    381 	.area XINIT   (CODE)
                                    382 	.area CABS    (ABS,CODE)
